<?xml version="1.0" encoding="UTF-8"?>
<!-- Generated by org.testng.reporters.JUnitReportReporter -->
<testsuite hostname="mogano" name="org.identityconnectors.common.script.groovy.GroovyScriptExecutorFactoryTests" tests="2" failures="0" timestamp="31 May 2013 12:44:25 GMT" time="0.048" errors="0">
  <testcase name="testWithVariables" time="0.021" classname="org.identityconnectors.common.script.groovy.GroovyScriptExecutorFactoryTests"/>
  <testcase name="testValidScript" time="0.027" classname="org.identityconnectors.common.script.groovy.GroovyScriptExecutorFactoryTests"/>
</testsuite> <!-- org.identityconnectors.common.script.groovy.GroovyScriptExecutorFactoryTests -->
