<?xml version="1.0" encoding="UTF-8"?>
<!-- Generated by org.testng.reporters.JUnitReportReporter -->
<testsuite hostname="mogano" name="org.identityconnectors.framework.impl.api.local.operations.UpdateImplTests" tests="12" failures="0" timestamp="31 May 2013 12:44:25 GMT" time="0.003" errors="0">
  <testcase name="validateAddWithNullAttribute" time="0.001" classname="org.identityconnectors.framework.impl.api.local.operations.UpdateImplTests"/>
  <testcase name="validateAttrsArg" time="0.000" classname="org.identityconnectors.framework.impl.api.local.operations.UpdateImplTests"/>
  <testcase name="mergeDeleteToExistingAttributeCompletely" time="0.000" classname="org.identityconnectors.framework.impl.api.local.operations.UpdateImplTests"/>
  <testcase name="mergeDeleteNonExistentAttribute" time="0.000" classname="org.identityconnectors.framework.impl.api.local.operations.UpdateImplTests"/>
  <testcase name="validateAttemptToAddDeleteOperationalAttribute" time="0.001" classname="org.identityconnectors.framework.impl.api.local.operations.UpdateImplTests"/>
  <testcase name="validateAttemptToAddName" time="0.000" classname="org.identityconnectors.framework.impl.api.local.operations.UpdateImplTests"/>
  <testcase name="validateUidArg" time="0.000" classname="org.identityconnectors.framework.impl.api.local.operations.UpdateImplTests"/>
  <testcase name="mergeAddToExistingAttribute" time="0.000" classname="org.identityconnectors.framework.impl.api.local.operations.UpdateImplTests"/>
  <testcase name="mergeDeleteToExistingAttribute" time="0.000" classname="org.identityconnectors.framework.impl.api.local.operations.UpdateImplTests"/>
  <testcase name="mergeAddAttribute" time="0.000" classname="org.identityconnectors.framework.impl.api.local.operations.UpdateImplTests"/>
  <testcase name="validateUidAttribute" time="0.001" classname="org.identityconnectors.framework.impl.api.local.operations.UpdateImplTests"/>
  <testcase name="validateObjectClassArg" time="0.000" classname="org.identityconnectors.framework.impl.api.local.operations.UpdateImplTests"/>
</testsuite> <!-- org.identityconnectors.framework.impl.api.local.operations.UpdateImplTests -->
