<?xml version="1.0" encoding="UTF-8"?>
<!-- Generated by org.testng.reporters.JUnitReportReporter -->
<testsuite hostname="mogano" name="org.identityconnectors.framework.impl.api.LocalConnectorInfoManagerTests" tests="11" failures="0" timestamp="31 May 2013 12:44:25 GMT" time="13.015" errors="0">
  <testcase name="testSyncWithManyResults" time="0.077" classname="org.identityconnectors.framework.impl.api.LocalConnectorInfoManagerTests"/>
  <testcase name="testConnectionPooling" time="0.075" classname="org.identityconnectors.framework.impl.api.LocalConnectorInfoManagerTests"/>
  <testcase name="testAPIConfiguration" time="0.247" classname="org.identityconnectors.framework.impl.api.LocalConnectorInfoManagerTests"/>
  <testcase name="testScripting" time="0.683" classname="org.identityconnectors.framework.impl.api.LocalConnectorInfoManagerTests"/>
  <testcase name="testSearchStress" time="1.462" classname="org.identityconnectors.framework.impl.api.LocalConnectorInfoManagerTests"/>
  <testcase name="testClassLoading" time="0.080" classname="org.identityconnectors.framework.impl.api.LocalConnectorInfoManagerTests"/>
  <testcase name="testNativeLibraries" time="0.080" classname="org.identityconnectors.framework.impl.api.LocalConnectorInfoManagerTests"/>
  <testcase name="testValidate" time="0.026" classname="org.identityconnectors.framework.impl.api.LocalConnectorInfoManagerTests"/>
  <testcase name="testSearchWithManyResults" time="0.246" classname="org.identityconnectors.framework.impl.api.LocalConnectorInfoManagerTests"/>
  <testcase name="testTimeout" time="10.022" classname="org.identityconnectors.framework.impl.api.LocalConnectorInfoManagerTests"/>
  <testcase name="testCheckVersion" time="0.017" classname="org.identityconnectors.framework.impl.api.LocalConnectorInfoManagerTests"/>
</testsuite> <!-- org.identityconnectors.framework.impl.api.LocalConnectorInfoManagerTests -->
