<?xml version="1.0" encoding="UTF-8"?>
<!-- Generated by org.testng.reporters.JUnitReportReporter -->
<testsuite hostname="mogano" name="org.identityconnectors.framework.impl.api.RemoteConnectorInfoManagerClearTests" tests="11" failures="0" timestamp="31 May 2013 12:44:25 GMT" time="18.083" errors="0">
  <testcase name="testSyncWithManyResults" time="0.416" classname="org.identityconnectors.framework.impl.api.RemoteConnectorInfoManagerClearTests"/>
  <testcase name="testScripting" time="0.138" classname="org.identityconnectors.framework.impl.api.RemoteConnectorInfoManagerClearTests"/>
  <testcase name="testNativeLibraries" time="0.017" classname="org.identityconnectors.framework.impl.api.RemoteConnectorInfoManagerClearTests"/>
  <testcase name="testTimeout" time="10.015" classname="org.identityconnectors.framework.impl.api.RemoteConnectorInfoManagerClearTests"/>
  <testcase name="testValidate" time="0.036" classname="org.identityconnectors.framework.impl.api.RemoteConnectorInfoManagerClearTests"/>
  <testcase name="testAPIConfiguration" time="0.111" classname="org.identityconnectors.framework.impl.api.RemoteConnectorInfoManagerClearTests"/>
  <testcase name="testClassLoading" time="0.046" classname="org.identityconnectors.framework.impl.api.RemoteConnectorInfoManagerClearTests"/>
  <testcase name="testRemoteHelloRequest" time="0.013" classname="org.identityconnectors.framework.impl.api.RemoteConnectorInfoManagerClearTests"/>
  <testcase name="testConnectionPooling" time="0.144" classname="org.identityconnectors.framework.impl.api.RemoteConnectorInfoManagerClearTests"/>
  <testcase name="testSearchStress" time="6.256" classname="org.identityconnectors.framework.impl.api.RemoteConnectorInfoManagerClearTests"/>
  <testcase name="testSearchWithManyResults" time="0.891" classname="org.identityconnectors.framework.impl.api.RemoteConnectorInfoManagerClearTests"/>
</testsuite> <!-- org.identityconnectors.framework.impl.api.RemoteConnectorInfoManagerClearTests -->
