<?xml version="1.0" encoding="UTF-8"?>
<!-- Generated by org.testng.reporters.JUnitReportReporter -->
<testsuite hostname="mogano" name="org.identityconnectors.framework.impl.api.local.operations.ObjectNormalizerFacadeTests" tests="14" failures="0" timestamp="31 May 2013 12:44:25 GMT" time="0.007" errors="0">
  <testcase name="testEqualTo" time="0.000" classname="org.identityconnectors.framework.impl.api.local.operations.ObjectNormalizerFacadeTests"/>
  <testcase name="testEndsWith" time="0.000" classname="org.identityconnectors.framework.impl.api.local.operations.ObjectNormalizerFacadeTests"/>
  <testcase name="testConnectorObject" time="0.001" classname="org.identityconnectors.framework.impl.api.local.operations.ObjectNormalizerFacadeTests"/>
  <testcase name="testNot" time="0.000" classname="org.identityconnectors.framework.impl.api.local.operations.ObjectNormalizerFacadeTests"/>
  <testcase name="testStartsWith" time="0.000" classname="org.identityconnectors.framework.impl.api.local.operations.ObjectNormalizerFacadeTests"/>
  <testcase name="testSyncDelta" time="0.001" classname="org.identityconnectors.framework.impl.api.local.operations.ObjectNormalizerFacadeTests"/>
  <testcase name="testOr" time="0.001" classname="org.identityconnectors.framework.impl.api.local.operations.ObjectNormalizerFacadeTests"/>
  <testcase name="testGreaterThan" time="0.000" classname="org.identityconnectors.framework.impl.api.local.operations.ObjectNormalizerFacadeTests"/>
  <testcase name="testLessThanOrEqualTo" time="0.000" classname="org.identityconnectors.framework.impl.api.local.operations.ObjectNormalizerFacadeTests"/>
  <testcase name="testLessThan" time="0.000" classname="org.identityconnectors.framework.impl.api.local.operations.ObjectNormalizerFacadeTests"/>
  <testcase name="testAnd" time="0.002" classname="org.identityconnectors.framework.impl.api.local.operations.ObjectNormalizerFacadeTests"/>
  <testcase name="testGreaterThanOrEqualTo" time="0.000" classname="org.identityconnectors.framework.impl.api.local.operations.ObjectNormalizerFacadeTests"/>
  <testcase name="testContains" time="0.001" classname="org.identityconnectors.framework.impl.api.local.operations.ObjectNormalizerFacadeTests"/>
  <testcase name="testContainsAllValues" time="0.001" classname="org.identityconnectors.framework.impl.api.local.operations.ObjectNormalizerFacadeTests"/>
</testsuite> <!-- org.identityconnectors.framework.impl.api.local.operations.ObjectNormalizerFacadeTests -->
