<?xml version="1.0" encoding="UTF-8"?>
<!-- Generated by org.testng.reporters.JUnitReportReporter -->
<testsuite hostname="mogano" name="org.identityconnectors.framework.impl.serializer.ObjectSerializationTests" tests="68" failures="0" timestamp="31 May 2013 12:44:25 GMT" time="0.021" errors="0">
  <testcase name="testSet" time="0.001" classname="org.identityconnectors.framework.impl.serializer.ObjectSerializationTests"/>
  <testcase name="testHelloResponse" time="0.001" classname="org.identityconnectors.framework.impl.serializer.ObjectSerializationTests"/>
  <testcase name="testSchema" time="0.001" classname="org.identityconnectors.framework.impl.serializer.ObjectSerializationTests"/>
  <testcase name="testArrays" time="0.000" classname="org.identityconnectors.framework.impl.serializer.ObjectSerializationTests"/>
  <testcase name="testOrFilter" time="0.000" classname="org.identityconnectors.framework.impl.serializer.ObjectSerializationTests"/>
  <testcase name="testScriptContext" time="0.000" classname="org.identityconnectors.framework.impl.serializer.ObjectSerializationTests"/>
  <testcase name="testAttribute" time="0.001" classname="org.identityconnectors.framework.impl.serializer.ObjectSerializationTests"/>
  <testcase name="testRemoteConnectorInfo" time="0.000" classname="org.identityconnectors.framework.impl.serializer.ObjectSerializationTests"/>
  <testcase name="testGuardedByteArray" time="0.001" classname="org.identityconnectors.framework.impl.serializer.ObjectSerializationTests"/>
  <testcase name="testScript" time="0.000" classname="org.identityconnectors.framework.impl.serializer.ObjectSerializationTests"/>
  <testcase name="testOperationOptions" time="0.000" classname="org.identityconnectors.framework.impl.serializer.ObjectSerializationTests"/>
  <testcase name="testGreaterThanOrEqualFilter" time="0.000" classname="org.identityconnectors.framework.impl.serializer.ObjectSerializationTests"/>
  <testcase name="testOperationRequestMoreData" time="0.001" classname="org.identityconnectors.framework.impl.serializer.ObjectSerializationTests"/>
  <testcase name="testInteger" time="0.000" classname="org.identityconnectors.framework.impl.serializer.ObjectSerializationTests"/>
  <testcase name="testGuardedString" time="0.001" classname="org.identityconnectors.framework.impl.serializer.ObjectSerializationTests"/>
  <testcase name="testName" time="0.001" classname="org.identityconnectors.framework.impl.serializer.ObjectSerializationTests"/>
  <testcase name="testAttributeInfo" time="0.001" classname="org.identityconnectors.framework.impl.serializer.ObjectSerializationTests"/>
  <testcase name="testObjectClass" time="0.001" classname="org.identityconnectors.framework.impl.serializer.ObjectSerializationTests"/>
  <testcase name="testNotFilter" time="0.000" classname="org.identityconnectors.framework.impl.serializer.ObjectSerializationTests"/>
  <testcase name="testCaseInsensitiveMap" time="0.000" classname="org.identityconnectors.framework.impl.serializer.ObjectSerializationTests"/>
  <testcase name="testUid" time="0.000" classname="org.identityconnectors.framework.impl.serializer.ObjectSerializationTests"/>
  <testcase name="testAPIConfiguration" time="0.000" classname="org.identityconnectors.framework.impl.serializer.ObjectSerializationTests"/>
  <testcase name="testAndFilter" time="0.000" classname="org.identityconnectors.framework.impl.serializer.ObjectSerializationTests"/>
  <testcase name="testSyncDelta" time="0.000" classname="org.identityconnectors.framework.impl.serializer.ObjectSerializationTests"/>
  <testcase name="testLessThanFilter" time="0.000" classname="org.identityconnectors.framework.impl.serializer.ObjectSerializationTests"/>
  <testcase name="testNull" time="0.001" classname="org.identityconnectors.framework.impl.serializer.ObjectSerializationTests"/>
  <testcase name="testDouble" time="0.001" classname="org.identityconnectors.framework.impl.serializer.ObjectSerializationTests"/>
  <testcase name="testEchoMessage" time="0.000" classname="org.identityconnectors.framework.impl.serializer.ObjectSerializationTests"/>
  <testcase name="testFile" time="0.000" classname="org.identityconnectors.framework.impl.serializer.ObjectSerializationTests"/>
  <testcase name="testMap" time="0.000" classname="org.identityconnectors.framework.impl.serializer.ObjectSerializationTests"/>
  <testcase name="testQualifiedUid" time="0.000" classname="org.identityconnectors.framework.impl.serializer.ObjectSerializationTests"/>
  <testcase name="testContainsAllValuesFilter" time="0.001" classname="org.identityconnectors.framework.impl.serializer.ObjectSerializationTests"/>
  <testcase name="testSyncToken" time="0.000" classname="org.identityconnectors.framework.impl.serializer.ObjectSerializationTests"/>
  <testcase name="testByteArray" time="0.000" classname="org.identityconnectors.framework.impl.serializer.ObjectSerializationTests"/>
  <testcase name="testList" time="0.000" classname="org.identityconnectors.framework.impl.serializer.ObjectSerializationTests"/>
  <testcase name="testOperationResponseEnd" time="0.000" classname="org.identityconnectors.framework.impl.serializer.ObjectSerializationTests"/>
  <testcase name="testGreaterThanFilter" time="0.000" classname="org.identityconnectors.framework.impl.serializer.ObjectSerializationTests"/>
  <testcase name="testConfigurationProperty" time="0.000" classname="org.identityconnectors.framework.impl.serializer.ObjectSerializationTests"/>
  <testcase name="testOperationRequestStopData" time="0.000" classname="org.identityconnectors.framework.impl.serializer.ObjectSerializationTests"/>
  <testcase name="testURI" time="0.000" classname="org.identityconnectors.framework.impl.serializer.ObjectSerializationTests"/>
  <testcase name="testEqualsFilter" time="0.000" classname="org.identityconnectors.framework.impl.serializer.ObjectSerializationTests"/>
  <testcase name="testCaseInsensitiveSet" time="0.000" classname="org.identityconnectors.framework.impl.serializer.ObjectSerializationTests"/>
  <testcase name="testOperationResponsePart" time="0.000" classname="org.identityconnectors.framework.impl.serializer.ObjectSerializationTests"/>
  <testcase name="testHelloRequest" time="0.000" classname="org.identityconnectors.framework.impl.serializer.ObjectSerializationTests"/>
  <testcase name="testConnectionPoolingConfiguration" time="0.000" classname="org.identityconnectors.framework.impl.serializer.ObjectSerializationTests"/>
  <testcase name="testSyncDeltaType" time="0.001" classname="org.identityconnectors.framework.impl.serializer.ObjectSerializationTests"/>
  <testcase name="testBigInteger" time="0.000" classname="org.identityconnectors.framework.impl.serializer.ObjectSerializationTests"/>
  <testcase name="testConnectorObject" time="0.000" classname="org.identityconnectors.framework.impl.serializer.ObjectSerializationTests"/>
  <testcase name="testObjectClassInfo" time="0.000" classname="org.identityconnectors.framework.impl.serializer.ObjectSerializationTests"/>
  <testcase name="testObjectArrays" time="0.000" classname="org.identityconnectors.framework.impl.serializer.ObjectSerializationTests"/>
  <testcase name="testString" time="0.000" classname="org.identityconnectors.framework.impl.serializer.ObjectSerializationTests"/>
  <testcase name="testBoolean" time="0.000" classname="org.identityconnectors.framework.impl.serializer.ObjectSerializationTests"/>
  <testcase name="testCharacter" time="0.000" classname="org.identityconnectors.framework.impl.serializer.ObjectSerializationTests"/>
  <testcase name="testClasses" time="0.001" classname="org.identityconnectors.framework.impl.serializer.ObjectSerializationTests"/>
  <testcase name="testLocale" time="0.000" classname="org.identityconnectors.framework.impl.serializer.ObjectSerializationTests"/>
  <testcase name="testLessThanOrEqualFilter" time="0.000" classname="org.identityconnectors.framework.impl.serializer.ObjectSerializationTests"/>
  <testcase name="testOperationRequest" time="0.000" classname="org.identityconnectors.framework.impl.serializer.ObjectSerializationTests"/>
  <testcase name="testExceptions" time="0.001" classname="org.identityconnectors.framework.impl.serializer.ObjectSerializationTests"/>
  <testcase name="testOperationResponsePause" time="0.000" classname="org.identityconnectors.framework.impl.serializer.ObjectSerializationTests"/>
  <testcase name="testEndsWithFilter" time="0.001" classname="org.identityconnectors.framework.impl.serializer.ObjectSerializationTests"/>
  <testcase name="testConfigurationProperties" time="0.001" classname="org.identityconnectors.framework.impl.serializer.ObjectSerializationTests"/>
  <testcase name="testContainsFilter" time="0.000" classname="org.identityconnectors.framework.impl.serializer.ObjectSerializationTests"/>
  <testcase name="testLong" time="0.001" classname="org.identityconnectors.framework.impl.serializer.ObjectSerializationTests"/>
  <testcase name="testStartsWithFilter" time="0.000" classname="org.identityconnectors.framework.impl.serializer.ObjectSerializationTests"/>
  <testcase name="testOperationOptionInfo" time="0.001" classname="org.identityconnectors.framework.impl.serializer.ObjectSerializationTests"/>
  <testcase name="testBigDecimal" time="0.000" classname="org.identityconnectors.framework.impl.serializer.ObjectSerializationTests"/>
  <testcase name="testFloat" time="0.000" classname="org.identityconnectors.framework.impl.serializer.ObjectSerializationTests"/>
  <testcase name="testConnectorMessages" time="0.001" classname="org.identityconnectors.framework.impl.serializer.ObjectSerializationTests"/>
</testsuite> <!-- org.identityconnectors.framework.impl.serializer.ObjectSerializationTests -->
