<?xml version="1.0" encoding="UTF-8"?>
<!-- Generated by org.testng.reporters.JUnitReportReporter -->
<testsuite hostname="mogano" name="org.identityconnectors.common.logging.impl.NoOpLoggerTests" tests="1" failures="0" timestamp="31 May 2013 12:44:25 GMT" time="0.002" errors="0">
  <testcase name="falseLogger" time="0.002" classname="org.identityconnectors.common.logging.impl.NoOpLoggerTests"/>
</testsuite> <!-- org.identityconnectors.common.logging.impl.NoOpLoggerTests -->
