<?xml version="1.0" encoding="UTF-8"?>
<!-- Generated by org.testng.reporters.JUnitReportReporter -->
<testsuite hostname="mogano" name="org.identityconnectors.framework.impl.api.BufferedSearchProxyTests" tests="6" failures="0" timestamp="31 May 2013 12:44:25 GMT" time="1.352" errors="0">
  <testcase name="slowProducer" time="1.010" classname="org.identityconnectors.framework.impl.api.BufferedSearchProxyTests"/>
  <testcase name="passException" time="0.002" classname="org.identityconnectors.framework.impl.api.BufferedSearchProxyTests"/>
  <testcase name="throwTimeoutException" time="0.021" classname="org.identityconnectors.framework.impl.api.BufferedSearchProxyTests"/>
  <testcase name="testCancel" time="0.073" classname="org.identityconnectors.framework.impl.api.BufferedSearchProxyTests"/>
  <testcase name="testInvalidSearch" time="0.000" classname="org.identityconnectors.framework.impl.api.BufferedSearchProxyTests"/>
  <testcase name="withBuffer" time="0.246" classname="org.identityconnectors.framework.impl.api.BufferedSearchProxyTests"/>
</testsuite> <!-- org.identityconnectors.framework.impl.api.BufferedSearchProxyTests -->
