<?xml version="1.0" encoding="UTF-8"?>
<!-- Generated by org.testng.reporters.JUnitReportReporter -->
<testsuite hostname="mogano" name="org.identityconnectors.framework.impl.api.ConnectorFacadeTests" tests="15" failures="0" timestamp="31 May 2013 12:44:25 GMT" time="0.078" errors="0">
  <testcase name="runScriptOnConnectorCallPattern" time="0.004" classname="org.identityconnectors.framework.impl.api.ConnectorFacadeTests"/>
  <testcase name="resolveUsernameCallPattern" time="0.004" classname="org.identityconnectors.framework.impl.api.ConnectorFacadeTests"/>
  <testcase name="searchCallPattern" time="0.004" classname="org.identityconnectors.framework.impl.api.ConnectorFacadeTests"/>
  <testcase name="unsupportedOperationTest" time="0.001" classname="org.identityconnectors.framework.impl.api.ConnectorFacadeTests"/>
  <testcase name="createWithOutObjectClassPattern" time="0.004" classname="org.identityconnectors.framework.impl.api.ConnectorFacadeTests"/>
  <testcase name="deleteCallPattern" time="0.005" classname="org.identityconnectors.framework.impl.api.ConnectorFacadeTests"/>
  <testcase name="runScriptOnResourceCallPattern" time="0.004" classname="org.identityconnectors.framework.impl.api.ConnectorFacadeTests"/>
  <testcase name="testOpCallPattern" time="0.005" classname="org.identityconnectors.framework.impl.api.ConnectorFacadeTests"/>
  <testcase name="createCallPattern" time="0.004" classname="org.identityconnectors.framework.impl.api.ConnectorFacadeTests"/>
  <testcase name="updateMergeTests" time="0.015" classname="org.identityconnectors.framework.impl.api.ConnectorFacadeTests"/>
  <testcase name="schemaCallPattern" time="0.003" classname="org.identityconnectors.framework.impl.api.ConnectorFacadeTests"/>
  <testcase name="authenticateCallPattern" time="0.009" classname="org.identityconnectors.framework.impl.api.ConnectorFacadeTests"/>
  <testcase name="getCallPattern" time="0.007" classname="org.identityconnectors.framework.impl.api.ConnectorFacadeTests"/>
  <testcase name="updateCallPattern" time="0.005" classname="org.identityconnectors.framework.impl.api.ConnectorFacadeTests"/>
  <testcase name="createDuplicatAttributesPattern" time="0.004" classname="org.identityconnectors.framework.impl.api.ConnectorFacadeTests"/>
</testsuite> <!-- org.identityconnectors.framework.impl.api.ConnectorFacadeTests -->
