<?xml version="1.0" encoding="UTF-8"?>
<!-- Generated by org.testng.reporters.JUnitReportReporter -->
<testsuite hostname="mogano" name="org.identityconnectors.framework.impl.api.local.operations.FilteredResultsHandlerTests" tests="4" failures="0" timestamp="31 May 2013 12:44:25 GMT" time="0.023" errors="0">
  <testcase name="nullProducer" time="0.001" classname="org.identityconnectors.framework.impl.api.local.operations.FilteredResultsHandlerTests"/>
  <testcase name="withPassThruFilter" time="0.007" classname="org.identityconnectors.framework.impl.api.local.operations.FilteredResultsHandlerTests"/>
  <testcase name="withNullFilter" time="0.010" classname="org.identityconnectors.framework.impl.api.local.operations.FilteredResultsHandlerTests"/>
  <testcase name="withRangeFilter" time="0.005" classname="org.identityconnectors.framework.impl.api.local.operations.FilteredResultsHandlerTests"/>
</testsuite> <!-- org.identityconnectors.framework.impl.api.local.operations.FilteredResultsHandlerTests -->
