<?xml version="1.0" encoding="UTF-8"?>
<!-- Generated by org.testng.reporters.JUnitReportReporter -->
<testsuite hostname="mogano" name="org.identityconnectors.framework.impl.api.local.operations.SearchImplTests" tests="2" failures="0" timestamp="31 May 2013 12:44:25 GMT" time="0.010" errors="0">
  <testcase name="testEliminateDups" time="0.006" classname="org.identityconnectors.framework.impl.api.local.operations.SearchImplTests"/>
  <testcase name="testAttrsToGetQuery" time="0.004" classname="org.identityconnectors.framework.impl.api.local.operations.SearchImplTests"/>
</testsuite> <!-- org.identityconnectors.framework.impl.api.local.operations.SearchImplTests -->
