<?xml version="1.0" encoding="UTF-8"?>
<!-- Generated by org.testng.reporters.JUnitReportReporter -->
<testsuite hostname="mogano" name="org.identityconnectors.framework.impl.test.TestHelpersImplTests" tests="1" failures="0" timestamp="31 May 2013 12:44:25 GMT" time="0.003" errors="0">
  <testcase name="testFillConfiguration" time="0.003" classname="org.identityconnectors.framework.impl.test.TestHelpersImplTests"/>
</testsuite> <!-- org.identityconnectors.framework.impl.test.TestHelpersImplTests -->
