<?xml version="1.0" encoding="UTF-8"?>
<!-- Generated by org.testng.reporters.JUnitReportReporter -->
<testsuite hostname="mogano" name="org.identityconnectors.framework.impl.serializer.XmlSerializationTests" tests="69" failures="0" timestamp="31 May 2013 12:44:25 GMT" time="1.556" errors="0">
  <testcase name="testOperationOptionInfo" time="0.007" classname="org.identityconnectors.framework.impl.serializer.XmlSerializationTests"/>
  <testcase name="testOrFilter" time="0.010" classname="org.identityconnectors.framework.impl.serializer.XmlSerializationTests"/>
  <testcase name="testCaseInsensitiveMap" time="0.031" classname="org.identityconnectors.framework.impl.serializer.XmlSerializationTests"/>
  <testcase name="testSyncDeltaType" time="0.005" classname="org.identityconnectors.framework.impl.serializer.XmlSerializationTests"/>
  <testcase name="testNull" time="0.006" classname="org.identityconnectors.framework.impl.serializer.XmlSerializationTests"/>
  <testcase name="testObjectArrays" time="0.007" classname="org.identityconnectors.framework.impl.serializer.XmlSerializationTests"/>
  <testcase name="testAPIConfiguration" time="0.151" classname="org.identityconnectors.framework.impl.serializer.XmlSerializationTests"/>
  <testcase name="testBigInteger" time="0.025" classname="org.identityconnectors.framework.impl.serializer.XmlSerializationTests"/>
  <testcase name="testObjectClass" time="0.007" classname="org.identityconnectors.framework.impl.serializer.XmlSerializationTests"/>
  <testcase name="testFloat" time="0.068" classname="org.identityconnectors.framework.impl.serializer.XmlSerializationTests"/>
  <testcase name="testOperationOptions" time="0.011" classname="org.identityconnectors.framework.impl.serializer.XmlSerializationTests"/>
  <testcase name="testGreaterThanFilter" time="0.011" classname="org.identityconnectors.framework.impl.serializer.XmlSerializationTests"/>
  <testcase name="testContainsAllValuesFilter" time="0.010" classname="org.identityconnectors.framework.impl.serializer.XmlSerializationTests"/>
  <testcase name="testOperationRequestMoreData" time="0.007" classname="org.identityconnectors.framework.impl.serializer.XmlSerializationTests"/>
  <testcase name="testScript" time="0.005" classname="org.identityconnectors.framework.impl.serializer.XmlSerializationTests"/>
  <testcase name="testAttribute" time="0.046" classname="org.identityconnectors.framework.impl.serializer.XmlSerializationTests"/>
  <testcase name="testName" time="0.008" classname="org.identityconnectors.framework.impl.serializer.XmlSerializationTests"/>
  <testcase name="testList" time="0.008" classname="org.identityconnectors.framework.impl.serializer.XmlSerializationTests"/>
  <testcase name="testCharacter" time="0.014" classname="org.identityconnectors.framework.impl.serializer.XmlSerializationTests"/>
  <testcase name="testUid" time="0.005" classname="org.identityconnectors.framework.impl.serializer.XmlSerializationTests"/>
  <testcase name="testStartsWithFilter" time="0.006" classname="org.identityconnectors.framework.impl.serializer.XmlSerializationTests"/>
  <testcase name="testOperationRequestStopData" time="0.007" classname="org.identityconnectors.framework.impl.serializer.XmlSerializationTests"/>
  <testcase name="testObjectClassInfo" time="0.008" classname="org.identityconnectors.framework.impl.serializer.XmlSerializationTests"/>
  <testcase name="testSyncDelta" time="0.007" classname="org.identityconnectors.framework.impl.serializer.XmlSerializationTests"/>
  <testcase name="testGreaterThanOrEqualFilter" time="0.010" classname="org.identityconnectors.framework.impl.serializer.XmlSerializationTests"/>
  <testcase name="testOperationRequest" time="0.011" classname="org.identityconnectors.framework.impl.serializer.XmlSerializationTests"/>
  <testcase name="testMultiObject" time="0.009" classname="org.identityconnectors.framework.impl.serializer.XmlSerializationTests"/>
  <testcase name="testNotFilter" time="0.009" classname="org.identityconnectors.framework.impl.serializer.XmlSerializationTests"/>
  <testcase name="testFile" time="0.009" classname="org.identityconnectors.framework.impl.serializer.XmlSerializationTests"/>
  <testcase name="testLessThanFilter" time="0.008" classname="org.identityconnectors.framework.impl.serializer.XmlSerializationTests"/>
  <testcase name="testSyncToken" time="0.005" classname="org.identityconnectors.framework.impl.serializer.XmlSerializationTests"/>
  <testcase name="testSet" time="0.005" classname="org.identityconnectors.framework.impl.serializer.XmlSerializationTests"/>
  <testcase name="testMap" time="0.009" classname="org.identityconnectors.framework.impl.serializer.XmlSerializationTests"/>
  <testcase name="testAttributeInfo" time="0.066" classname="org.identityconnectors.framework.impl.serializer.XmlSerializationTests"/>
  <testcase name="testBigDecimal" time="0.025" classname="org.identityconnectors.framework.impl.serializer.XmlSerializationTests"/>
  <testcase name="testByteArray" time="0.025" classname="org.identityconnectors.framework.impl.serializer.XmlSerializationTests"/>
  <testcase name="testOperationResponsePart" time="0.008" classname="org.identityconnectors.framework.impl.serializer.XmlSerializationTests"/>
  <testcase name="testConnectionPoolingConfiguration" time="0.009" classname="org.identityconnectors.framework.impl.serializer.XmlSerializationTests"/>
  <testcase name="testLessThanOrEqualFilter" time="0.007" classname="org.identityconnectors.framework.impl.serializer.XmlSerializationTests"/>
  <testcase name="testScriptContext" time="0.007" classname="org.identityconnectors.framework.impl.serializer.XmlSerializationTests"/>
  <testcase name="testConnectorMessages" time="0.018" classname="org.identityconnectors.framework.impl.serializer.XmlSerializationTests"/>
  <testcase name="testEchoMessage" time="0.010" classname="org.identityconnectors.framework.impl.serializer.XmlSerializationTests"/>
  <testcase name="testURI" time="0.004" classname="org.identityconnectors.framework.impl.serializer.XmlSerializationTests"/>
  <testcase name="testString" time="0.005" classname="org.identityconnectors.framework.impl.serializer.XmlSerializationTests"/>
  <testcase name="testLong" time="0.024" classname="org.identityconnectors.framework.impl.serializer.XmlSerializationTests"/>
  <testcase name="testBoolean" time="0.050" classname="org.identityconnectors.framework.impl.serializer.XmlSerializationTests"/>
  <testcase name="testHelloResponse" time="0.012" classname="org.identityconnectors.framework.impl.serializer.XmlSerializationTests"/>
  <testcase name="testClasses" time="0.154" classname="org.identityconnectors.framework.impl.serializer.XmlSerializationTests"/>
  <testcase name="testConfigurationProperties" time="0.016" classname="org.identityconnectors.framework.impl.serializer.XmlSerializationTests"/>
  <testcase name="testOperationResponseEnd" time="0.008" classname="org.identityconnectors.framework.impl.serializer.XmlSerializationTests"/>
  <testcase name="testConnectorObject" time="0.010" classname="org.identityconnectors.framework.impl.serializer.XmlSerializationTests"/>
  <testcase name="testSchema" time="0.009" classname="org.identityconnectors.framework.impl.serializer.XmlSerializationTests"/>
  <testcase name="testEndsWithFilter" time="0.011" classname="org.identityconnectors.framework.impl.serializer.XmlSerializationTests"/>
  <testcase name="testDouble" time="0.069" classname="org.identityconnectors.framework.impl.serializer.XmlSerializationTests"/>
  <testcase name="testRemoteConnectorInfo" time="0.009" classname="org.identityconnectors.framework.impl.serializer.XmlSerializationTests"/>
  <testcase name="testQualifiedUid" time="0.007" classname="org.identityconnectors.framework.impl.serializer.XmlSerializationTests"/>
  <testcase name="testAndFilter" time="0.061" classname="org.identityconnectors.framework.impl.serializer.XmlSerializationTests"/>
  <testcase name="testOperationResponsePause" time="0.007" classname="org.identityconnectors.framework.impl.serializer.XmlSerializationTests"/>
  <testcase name="testLocale" time="0.015" classname="org.identityconnectors.framework.impl.serializer.XmlSerializationTests"/>
  <testcase name="testHelloRequest" time="0.009" classname="org.identityconnectors.framework.impl.serializer.XmlSerializationTests"/>
  <testcase name="testGuardedString" time="0.010" classname="org.identityconnectors.framework.impl.serializer.XmlSerializationTests"/>
  <testcase name="testInteger" time="0.026" classname="org.identityconnectors.framework.impl.serializer.XmlSerializationTests"/>
  <testcase name="testExceptions" time="0.199" classname="org.identityconnectors.framework.impl.serializer.XmlSerializationTests"/>
  <testcase name="testCaseInsensitiveSet" time="0.026" classname="org.identityconnectors.framework.impl.serializer.XmlSerializationTests"/>
  <testcase name="testGuardedByteArray" time="0.010" classname="org.identityconnectors.framework.impl.serializer.XmlSerializationTests"/>
  <testcase name="testArrays" time="0.047" classname="org.identityconnectors.framework.impl.serializer.XmlSerializationTests"/>
  <testcase name="testEqualsFilter" time="0.011" classname="org.identityconnectors.framework.impl.serializer.XmlSerializationTests"/>
  <testcase name="testConfigurationProperty" time="0.017" classname="org.identityconnectors.framework.impl.serializer.XmlSerializationTests"/>
  <testcase name="testContainsFilter" time="0.010" classname="org.identityconnectors.framework.impl.serializer.XmlSerializationTests"/>
</testsuite> <!-- org.identityconnectors.framework.impl.serializer.XmlSerializationTests -->
