<?xml version="1.0" encoding="UTF-8"?>
<!-- Generated by org.testng.reporters.JUnitReportReporter -->
<testsuite hostname="mogano" name="org.identityconnectors.framework.impl.api.local.operations.AttributesToGetResultsHandlerTests" tests="4" failures="0" timestamp="31 May 2013 12:44:25 GMT" time="0.004" errors="0">
  <testcase name="testWithConnectorObject" time="0.000" classname="org.identityconnectors.framework.impl.api.local.operations.AttributesToGetResultsHandlerTests"/>
  <testcase name="testAttrsToGet" time="0.003" classname="org.identityconnectors.framework.impl.api.local.operations.AttributesToGetResultsHandlerTests"/>
  <testcase name="testReduceAttributes" time="0.000" classname="org.identityconnectors.framework.impl.api.local.operations.AttributesToGetResultsHandlerTests"/>
  <testcase name="testIgnoreMissing" time="0.001" classname="org.identityconnectors.framework.impl.api.local.operations.AttributesToGetResultsHandlerTests"/>
</testsuite> <!-- org.identityconnectors.framework.impl.api.local.operations.AttributesToGetResultsHandlerTests -->
