<?xml version="1.0" encoding="UTF-8"?>
<!-- Generated by org.testng.reporters.JUnitReportReporter -->
<testsuite hostname="mogano" name="org.identityconnectors.framework.impl.api.local.ObjectPoolTests" tests="4" failures="0" timestamp="31 May 2013 12:44:25 GMT" time="9.710" errors="0">
  <testcase name="testBadConnection" time="0.000" classname="org.identityconnectors.framework.impl.api.local.ObjectPoolTests"/>
  <testcase name="testCreateBadConnection" time="0.000" classname="org.identityconnectors.framework.impl.api.local.ObjectPoolTests"/>
  <testcase name="testIdleCleanup" time="4.001" classname="org.identityconnectors.framework.impl.api.local.ObjectPoolTests"/>
  <testcase name="testWithManyThreads" time="5.709" classname="org.identityconnectors.framework.impl.api.local.ObjectPoolTests"/>
</testsuite> <!-- org.identityconnectors.framework.impl.api.local.ObjectPoolTests -->
