<?xml version="1.0" encoding="UTF-8"?>
<!-- Generated by org.testng.reporters.JUnitReportReporter -->
<testsuite hostname="mogano" name="org.identityconnectors.framework.impl.api.RemoteConnectorInfoManagerSSLTests" tests="10" failures="0" timestamp="31 May 2013 12:44:25 GMT" time="24.110" errors="0">
  <testcase name="testAPIConfiguration" time="0.742" classname="org.identityconnectors.framework.impl.api.RemoteConnectorInfoManagerSSLTests"/>
  <testcase name="testValidate" time="0.383" classname="org.identityconnectors.framework.impl.api.RemoteConnectorInfoManagerSSLTests"/>
  <testcase name="testClassLoading" time="0.492" classname="org.identityconnectors.framework.impl.api.RemoteConnectorInfoManagerSSLTests"/>
  <testcase name="testScripting" time="0.637" classname="org.identityconnectors.framework.impl.api.RemoteConnectorInfoManagerSSLTests"/>
  <testcase name="testNativeLibraries" time="0.155" classname="org.identityconnectors.framework.impl.api.RemoteConnectorInfoManagerSSLTests"/>
  <testcase name="testSearchStress" time="8.064" classname="org.identityconnectors.framework.impl.api.RemoteConnectorInfoManagerSSLTests"/>
  <testcase name="testSyncWithManyResults" time="0.823" classname="org.identityconnectors.framework.impl.api.RemoteConnectorInfoManagerSSLTests"/>
  <testcase name="testConnectionPooling" time="1.288" classname="org.identityconnectors.framework.impl.api.RemoteConnectorInfoManagerSSLTests"/>
  <testcase name="testTimeout" time="10.009" classname="org.identityconnectors.framework.impl.api.RemoteConnectorInfoManagerSSLTests"/>
  <testcase name="testSearchWithManyResults" time="1.517" classname="org.identityconnectors.framework.impl.api.RemoteConnectorInfoManagerSSLTests"/>
</testsuite> <!-- org.identityconnectors.framework.impl.api.RemoteConnectorInfoManagerSSLTests -->
