<?xml version="1.0" encoding="UTF-8"?>
<!-- Generated by org.testng.reporters.JUnitReportReporter -->
<testsuite hostname="mogano" name="org.identityconnectors.common.logging.impl.JDKLoggerTests" tests="4" failures="0" timestamp="31 May 2013 12:44:25 GMT" time="0.028" errors="0">
  <testcase name="testMultithreaded" time="0.025" classname="org.identityconnectors.common.logging.impl.JDKLoggerTests"/>
  <testcase name="testLog" time="0.001" classname="org.identityconnectors.common.logging.impl.JDKLoggerTests"/>
  <testcase name="testIsLoggable" time="0.001" classname="org.identityconnectors.common.logging.impl.JDKLoggerTests"/>
  <testcase name="testCreateJDKLogger" time="0.001" classname="org.identityconnectors.common.logging.impl.JDKLoggerTests"/>
</testsuite> <!-- org.identityconnectors.common.logging.impl.JDKLoggerTests -->
