<?xml version="1.0" encoding="UTF-8"?>
<!-- Generated by org.testng.reporters.JUnitReportReporter -->
<testsuite hostname="mogano" name="org.identityconnectors.framework.common.objects.AttributeTests" tests="5" failures="0" timestamp="31 May 2013 12:43:08 GMT" time="0.004" errors="0">
  <testcase name="testHashCodeIndependentOnLocale" time="0.000" classname="org.identityconnectors.framework.common.objects.AttributeTests"/>
  <testcase name="testName" time="0.001" classname="org.identityconnectors.framework.common.objects.AttributeTests"/>
  <testcase name="testEqualsObservesLocale" time="0.001" classname="org.identityconnectors.framework.common.objects.AttributeTests"/>
  <testcase name="testArrays" time="0.001" classname="org.identityconnectors.framework.common.objects.AttributeTests"/>
  <testcase name="testNormal" time="0.001" classname="org.identityconnectors.framework.common.objects.AttributeTests"/>
</testsuite> <!-- org.identityconnectors.framework.common.objects.AttributeTests -->
