<?xml version="1.0" encoding="UTF-8"?>
<!-- Generated by org.testng.reporters.JUnitReportReporter -->
<testsuite hostname="mogano" name="org.identityconnectors.framework.common.objects.ObjectClassTests" tests="5" failures="0" timestamp="31 May 2013 12:43:08 GMT" time="0.003" errors="0">
  <testcase name="testEquals" time="0.000" classname="org.identityconnectors.framework.common.objects.ObjectClassTests"/>
  <testcase name="testEqualsObservesLocale" time="0.000" classname="org.identityconnectors.framework.common.objects.ObjectClassTests"/>
  <testcase name="testHashCodeIndependentOnLocale" time="0.001" classname="org.identityconnectors.framework.common.objects.ObjectClassTests"/>
  <testcase name="testIs" time="0.001" classname="org.identityconnectors.framework.common.objects.ObjectClassTests"/>
  <testcase name="testHashCode" time="0.001" classname="org.identityconnectors.framework.common.objects.ObjectClassTests"/>
</testsuite> <!-- org.identityconnectors.framework.common.objects.ObjectClassTests -->
