<?xml version="1.0" encoding="UTF-8"?>
<!-- Generated by org.testng.reporters.JUnitReportReporter -->
<testsuite hostname="mogano" name="org.identityconnectors.common.UtilTests" tests="2" failures="0" timestamp="31 May 2013 12:43:08 GMT" time="0.000" errors="0">
  <testcase name="testForceCompare" time="0.000" classname="org.identityconnectors.common.UtilTests"/>
  <testcase name="testGetMethodName" time="0.000" classname="org.identityconnectors.common.UtilTests"/>
</testsuite> <!-- org.identityconnectors.common.UtilTests -->
