<?xml version="1.0" encoding="UTF-8"?>
<!-- Generated by org.testng.reporters.JUnitReportReporter -->
<testsuite hostname="mogano" name="org.identityconnectors.framework.common.objects.AttributeInfoUtilTests" tests="5" failures="0" timestamp="31 May 2013 12:43:08 GMT" time="0.003" errors="0">
  <testcase name="testFindMethod" time="0.001" classname="org.identityconnectors.framework.common.objects.AttributeInfoUtilTests"/>
  <testcase name="testCurrentPasswordBuild" time="0.000" classname="org.identityconnectors.framework.common.objects.AttributeInfoUtilTests"/>
  <testcase name="testPasswordBuild" time="0.001" classname="org.identityconnectors.framework.common.objects.AttributeInfoUtilTests"/>
  <testcase name="testIsMethod" time="0.001" classname="org.identityconnectors.framework.common.objects.AttributeInfoUtilTests"/>
  <testcase name="testRegularPassword" time="0.000" classname="org.identityconnectors.framework.common.objects.AttributeInfoUtilTests"/>
</testsuite> <!-- org.identityconnectors.framework.common.objects.AttributeInfoUtilTests -->
