<?xml version="1.0" encoding="UTF-8"?>
<!-- Generated by org.testng.reporters.JUnitReportReporter -->
<testsuite hostname="mogano" name="org.identityconnectors.common.CollectionUtilTests" tests="13" failures="0" timestamp="31 May 2013 12:43:08 GMT" time="0.003" errors="0">
  <testcase name="testReadonlySet" time="0.000" classname="org.identityconnectors.common.CollectionUtilTests"/>
  <testcase name="testNullAsEmptyMap" time="0.000" classname="org.identityconnectors.common.CollectionUtilTests"/>
  <testcase name="testList" time="0.000" classname="org.identityconnectors.common.CollectionUtilTests"/>
  <testcase name="testNullAsEmptyList" time="0.000" classname="org.identityconnectors.common.CollectionUtilTests"/>
  <testcase name="testHashCode" time="0.001" classname="org.identityconnectors.common.CollectionUtilTests"/>
  <testcase name="testAsList" time="0.000" classname="org.identityconnectors.common.CollectionUtilTests"/>
  <testcase name="testAsSet" time="0.000" classname="org.identityconnectors.common.CollectionUtilTests"/>
  <testcase name="testNullAsEmptySet" time="0.000" classname="org.identityconnectors.common.CollectionUtilTests"/>
  <testcase name="testEquals" time="0.000" classname="org.identityconnectors.common.CollectionUtilTests"/>
  <testcase name="testSet" time="0.001" classname="org.identityconnectors.common.CollectionUtilTests"/>
  <testcase name="testReadonlyList" time="0.000" classname="org.identityconnectors.common.CollectionUtilTests"/>
  <testcase name="testUnique" time="0.000" classname="org.identityconnectors.common.CollectionUtilTests"/>
  <testcase name="testIsEmpty" time="0.001" classname="org.identityconnectors.common.CollectionUtilTests"/>
</testsuite> <!-- org.identityconnectors.common.CollectionUtilTests -->
