<?xml version="1.0" encoding="UTF-8"?>
<!-- Generated by org.testng.reporters.JUnitReportReporter -->
<testsuite hostname="mogano" name="org.identityconnectors.framework.common.objects.AttributeInfoTests" tests="2" failures="0" timestamp="31 May 2013 12:43:08 GMT" time="0.003" errors="0">
  <testcase name="testHashCodeIndependentOnLocale" time="0.002" classname="org.identityconnectors.framework.common.objects.AttributeInfoTests"/>
  <testcase name="testEqualsObservesLocale" time="0.001" classname="org.identityconnectors.framework.common.objects.AttributeInfoTests"/>
</testsuite> <!-- org.identityconnectors.framework.common.objects.AttributeInfoTests -->
