<?xml version="1.0" encoding="UTF-8"?>
<!-- Generated by org.testng.reporters.JUnitReportReporter -->
<testsuite hostname="mogano" name="org.identityconnectors.framework.common.objects.filter.FilterTranslatorTests" tests="7" failures="0" timestamp="31 May 2013 12:43:08 GMT" time="0.033" errors="0">
  <testcase name="testBasics" time="0.001" classname="org.identityconnectors.framework.common.objects.filter.FilterTranslatorTests"/>
  <testcase name="testSimplifyNoAndNoLeaf" time="0.001" classname="org.identityconnectors.framework.common.objects.filter.FilterTranslatorTests"/>
  <testcase name="testSimplifyNoAnd" time="0.001" classname="org.identityconnectors.framework.common.objects.filter.FilterTranslatorTests"/>
  <testcase name="testSimplifyNoLeaf" time="0.000" classname="org.identityconnectors.framework.common.objects.filter.FilterTranslatorTests"/>
  <testcase name="testSimplifyNoLeafNoOr" time="0.001" classname="org.identityconnectors.framework.common.objects.filter.FilterTranslatorTests"/>
  <testcase name="testSimplifyNoAndNoOrNoLeaf" time="0.000" classname="org.identityconnectors.framework.common.objects.filter.FilterTranslatorTests"/>
  <testcase name="testDistribution" time="0.029" classname="org.identityconnectors.framework.common.objects.filter.FilterTranslatorTests"/>
</testsuite> <!-- org.identityconnectors.framework.common.objects.filter.FilterTranslatorTests -->
