<?xml version="1.0" encoding="UTF-8"?>
<!-- Generated by org.testng.reporters.JUnitReportReporter -->
<testsuite hostname="mogano" name="org.identityconnectors.common.security.GuardedByteArrayTests" tests="5" failures="0" timestamp="31 May 2013 12:43:08 GMT" time="0.022" errors="0">
  <testcase name="testRange" time="0.014" classname="org.identityconnectors.common.security.GuardedByteArrayTests"/>
  <testcase name="testEquals" time="0.000" classname="org.identityconnectors.common.security.GuardedByteArrayTests"/>
  <testcase name="testDispose" time="0.000" classname="org.identityconnectors.common.security.GuardedByteArrayTests"/>
  <testcase name="testBasics" time="0.007" classname="org.identityconnectors.common.security.GuardedByteArrayTests"/>
  <testcase name="testReadOnly" time="0.001" classname="org.identityconnectors.common.security.GuardedByteArrayTests"/>
</testsuite> <!-- org.identityconnectors.common.security.GuardedByteArrayTests -->
