<?xml version="1.0" encoding="UTF-8"?>
<!-- Generated by org.testng.reporters.JUnitReportReporter -->
<testsuite hostname="mogano" name="org.identityconnectors.framework.common.objects.FilterBuilderTests" tests="14" failures="0" timestamp="31 May 2013 12:43:08 GMT" time="0.016" errors="0">
  <testcase name="orFilter" time="0.000" classname="org.identityconnectors.framework.common.objects.FilterBuilderTests"/>
  <testcase name="endsWithFilter" time="0.001" classname="org.identityconnectors.framework.common.objects.FilterBuilderTests"/>
  <testcase name="andFilter" time="0.002" classname="org.identityconnectors.framework.common.objects.FilterBuilderTests"/>
  <testcase name="lessThanFilter" time="0.001" classname="org.identityconnectors.framework.common.objects.FilterBuilderTests"/>
  <testcase name="greaterThanFilter" time="0.001" classname="org.identityconnectors.framework.common.objects.FilterBuilderTests"/>
  <testcase name="greaterThanEqualsToFilter" time="0.002" classname="org.identityconnectors.framework.common.objects.FilterBuilderTests"/>
  <testcase name="lessThanEqualToFilter" time="0.001" classname="org.identityconnectors.framework.common.objects.FilterBuilderTests"/>
  <testcase name="equalsFilter" time="0.001" classname="org.identityconnectors.framework.common.objects.FilterBuilderTests"/>
  <testcase name="constainsWithFilter" time="0.005" classname="org.identityconnectors.framework.common.objects.FilterBuilderTests"/>
  <testcase name="illegalArgument" time="0.001" classname="org.identityconnectors.framework.common.objects.FilterBuilderTests"/>
  <testcase name="containsAllValuesFilterTrue" time="0.000" classname="org.identityconnectors.framework.common.objects.FilterBuilderTests"/>
  <testcase name="containsAllValuesFilterFalse" time="0.001" classname="org.identityconnectors.framework.common.objects.FilterBuilderTests"/>
  <testcase name="startsWithFilter" time="0.000" classname="org.identityconnectors.framework.common.objects.FilterBuilderTests"/>
  <testcase name="notFilter" time="0.000" classname="org.identityconnectors.framework.common.objects.FilterBuilderTests"/>
</testsuite> <!-- org.identityconnectors.framework.common.objects.FilterBuilderTests -->
