<?xml version="1.0" encoding="UTF-8"?>
<!-- Generated by org.testng.reporters.JUnitReportReporter -->
<testsuite hostname="mogano" name="org.identityconnectors.framework.common.objects.AttributeUtilTests" tests="14" failures="0" timestamp="31 May 2013 12:43:08 GMT" time="0.012" errors="0">
  <testcase name="testIsMethod" time="0.000" classname="org.identityconnectors.framework.common.objects.AttributeUtilTests"/>
  <testcase name="testNamesEqual" time="0.001" classname="org.identityconnectors.framework.common.objects.AttributeUtilTests"/>
  <testcase name="testGetLongValue" time="0.000" classname="org.identityconnectors.framework.common.objects.AttributeUtilTests"/>
  <testcase name="testToMap" time="0.003" classname="org.identityconnectors.framework.common.objects.AttributeUtilTests"/>
  <testcase name="testGetIntegerValue" time="0.001" classname="org.identityconnectors.framework.common.objects.AttributeUtilTests"/>
  <testcase name="testGetBasicAttributes" time="0.001" classname="org.identityconnectors.framework.common.objects.AttributeUtilTests"/>
  <testcase name="testIsSpecial" time="0.001" classname="org.identityconnectors.framework.common.objects.AttributeUtilTests"/>
  <testcase name="testEnableDate" time="0.001" classname="org.identityconnectors.framework.common.objects.AttributeUtilTests"/>
  <testcase name="testFindMethod" time="0.001" classname="org.identityconnectors.framework.common.objects.AttributeUtilTests"/>
  <testcase name="testBigDecimalValue" time="0.002" classname="org.identityconnectors.framework.common.objects.AttributeUtilTests"/>
  <testcase name="testGetAsStringValue" time="0.001" classname="org.identityconnectors.framework.common.objects.AttributeUtilTests"/>
  <testcase name="testGetSingleValue" time="0.000" classname="org.identityconnectors.framework.common.objects.AttributeUtilTests"/>
  <testcase name="testGetStringValue" time="0.000" classname="org.identityconnectors.framework.common.objects.AttributeUtilTests"/>
  <testcase name="testGetUidAttribute" time="0.000" classname="org.identityconnectors.framework.common.objects.AttributeUtilTests"/>
</testsuite> <!-- org.identityconnectors.framework.common.objects.AttributeUtilTests -->
