<?xml version="1.0" encoding="UTF-8"?>
<!-- Generated by org.testng.reporters.JUnitReportReporter -->
<testsuite hostname="mogano" name="org.identityconnectors.common.StringUtilTests" tests="17" failures="0" timestamp="31 May 2013 12:43:08 GMT" time="0.030" errors="0">
  <testcase name="testIndexOfNonDigit" time="0.000" classname="org.identityconnectors.common.StringUtilTests"/>
  <testcase name="testRandomParseLine" time="0.024" classname="org.identityconnectors.common.StringUtilTests"/>
  <testcase name="testStripNewlines" time="0.000" classname="org.identityconnectors.common.StringUtilTests"/>
  <testcase name="testParseLine" time="0.000" classname="org.identityconnectors.common.StringUtilTests"/>
  <testcase name="testRandomString" time="0.001" classname="org.identityconnectors.common.StringUtilTests"/>
  <testcase name="testEndsWith" time="0.000" classname="org.identityconnectors.common.StringUtilTests"/>
  <testcase name="testReplaceVariables" time="0.002" classname="org.identityconnectors.common.StringUtilTests"/>
  <testcase name="testIsNotEmpty" time="0.000" classname="org.identityconnectors.common.StringUtilTests"/>
  <testcase name="testToProperties" time="0.001" classname="org.identityconnectors.common.StringUtilTests"/>
  <testcase name="testSubDigitString" time="0.000" classname="org.identityconnectors.common.StringUtilTests"/>
  <testcase name="testIsEmpty" time="0.001" classname="org.identityconnectors.common.StringUtilTests"/>
  <testcase name="testIsBlank" time="0.000" classname="org.identityconnectors.common.StringUtilTests"/>
  <testcase name="testWhtiespace" time="0.000" classname="org.identityconnectors.common.StringUtilTests"/>
  <testcase name="testStripXmlAttribute" time="0.000" classname="org.identityconnectors.common.StringUtilTests"/>
  <testcase name="testIndexOfDigit" time="0.000" classname="org.identityconnectors.common.StringUtilTests"/>
  <testcase name="testIsNotBlank" time="0.000" classname="org.identityconnectors.common.StringUtilTests"/>
  <testcase name="testStripXmlComments" time="0.001" classname="org.identityconnectors.common.StringUtilTests"/>
</testsuite> <!-- org.identityconnectors.common.StringUtilTests -->
