<?xml version="1.0" encoding="UTF-8"?>
<!-- Generated by org.testng.reporters.JUnitReportReporter -->
<testsuite hostname="mogano" name="org.identityconnectors.framework.common.objects.ObjectClassInfoTests" tests="9" failures="0" timestamp="31 May 2013 12:43:08 GMT" time="0.006" errors="0">
  <testcase name="testNoName" time="0.001" classname="org.identityconnectors.framework.common.objects.ObjectClassInfoTests"/>
  <testcase name="testAllDuplicate" time="0.003" classname="org.identityconnectors.framework.common.objects.ObjectClassInfoTests"/>
  <testcase name="testHashCode" time="0.001" classname="org.identityconnectors.framework.common.objects.ObjectClassInfoTests"/>
  <testcase name="testIs" time="0.000" classname="org.identityconnectors.framework.common.objects.ObjectClassInfoTests"/>
  <testcase name="testBuilderAddsName" time="0.001" classname="org.identityconnectors.framework.common.objects.ObjectClassInfoTests"/>
  <testcase name="testHashCodeIndependentOnLocale" time="0.000" classname="org.identityconnectors.framework.common.objects.ObjectClassInfoTests"/>
  <testcase name="testDuplicate" time="0.000" classname="org.identityconnectors.framework.common.objects.ObjectClassInfoTests"/>
  <testcase name="testEqualsObservesLocale" time="0.000" classname="org.identityconnectors.framework.common.objects.ObjectClassInfoTests"/>
  <testcase name="testEquals" time="0.000" classname="org.identityconnectors.framework.common.objects.ObjectClassInfoTests"/>
</testsuite> <!-- org.identityconnectors.framework.common.objects.ObjectClassInfoTests -->
