<?xml version="1.0" encoding="UTF-8"?>
<!-- Generated by org.testng.reporters.JUnitReportReporter -->
<testsuite hostname="mogano" name="org.identityconnectors.common.StringPrintWriterTests" tests="4" failures="0" timestamp="31 May 2013 12:43:08 GMT" time="0.000" errors="0">
  <testcase name="getString" time="0.000" classname="org.identityconnectors.common.StringPrintWriterTests"/>
  <testcase name="getReader" time="0.000" classname="org.identityconnectors.common.StringPrintWriterTests"/>
  <testcase name="println" time="0.000" classname="org.identityconnectors.common.StringPrintWriterTests"/>
  <testcase name="printArray" time="0.000" classname="org.identityconnectors.common.StringPrintWriterTests"/>
</testsuite> <!-- org.identityconnectors.common.StringPrintWriterTests -->
