<?xml version="1.0" encoding="UTF-8"?>
<!-- Generated by org.testng.reporters.JUnitReportReporter -->
<testsuite hostname="mogano" name="org.identityconnectors.framework.common.FrameworkUtilTests" tests="2" failures="0" timestamp="31 May 2013 12:43:08 GMT" time="0.018" errors="0">
  <testcase name="testFrameworkVersion" time="0.018" classname="org.identityconnectors.framework.common.FrameworkUtilTests"/>
  <testcase name="testFrameworkVersionCannotBeBlank" time="0.000" classname="org.identityconnectors.framework.common.FrameworkUtilTests"/>
</testsuite> <!-- org.identityconnectors.framework.common.FrameworkUtilTests -->
