<?xml version="1.0" encoding="UTF-8"?>
<!-- Generated by org.testng.reporters.JUnitReportReporter -->
<testsuite hostname="mogano" name="org.identityconnectors.framework.common.objects.ObjectClassUtilTests" tests="2" failures="0" timestamp="31 May 2013 12:43:08 GMT" time="0.001" errors="0">
  <testcase name="testIsSpecial" time="0.000" classname="org.identityconnectors.framework.common.objects.ObjectClassUtilTests"/>
  <testcase name="testNamesEqual" time="0.001" classname="org.identityconnectors.framework.common.objects.ObjectClassUtilTests"/>
</testsuite> <!-- org.identityconnectors.framework.common.objects.ObjectClassUtilTests -->
