<?xml version="1.0" encoding="UTF-8"?>
<!-- Generated by org.testng.reporters.JUnitReportReporter -->
<testsuite hostname="mogano" name="org.identityconnectors.common.VersionTests" tests="7" failures="0" timestamp="31 May 2013 12:43:08 GMT" time="0.003" errors="0">
  <testcase name="testEqualsHashCode" time="0.000" classname="org.identityconnectors.common.VersionTests"/>
  <testcase name="testCompare" time="0.001" classname="org.identityconnectors.common.VersionTests"/>
  <testcase name="testToString" time="0.001" classname="org.identityconnectors.common.VersionTests"/>
  <testcase name="testComponents" time="0.000" classname="org.identityconnectors.common.VersionTests"/>
  <testcase name="testParse" time="0.001" classname="org.identityconnectors.common.VersionTests"/>
  <testcase name="testQualifiedIgnored" time="0.000" classname="org.identityconnectors.common.VersionTests"/>
  <testcase name="testCornerCases" time="0.000" classname="org.identityconnectors.common.VersionTests"/>
</testsuite> <!-- org.identityconnectors.common.VersionTests -->
