<?xml version="1.0" encoding="UTF-8"?>
<!-- Generated by org.testng.reporters.JUnitReportReporter -->
<testsuite hostname="mogano" name="org.identityconnectors.common.EqualsHashCodeBuilderTests" tests="32" failures="0" timestamp="31 May 2013 12:43:08 GMT" time="0.014" errors="0">
  <testcase name="testCharArray" time="0.000" classname="org.identityconnectors.common.EqualsHashCodeBuilderTests"/>
  <testcase name="testList" time="0.000" classname="org.identityconnectors.common.EqualsHashCodeBuilderTests"/>
  <testcase name="testByteArrayHiddenByObject" time="0.000" classname="org.identityconnectors.common.EqualsHashCodeBuilderTests"/>
  <testcase name="testShortArrayHiddenByObject" time="0.000" classname="org.identityconnectors.common.EqualsHashCodeBuilderTests"/>
  <testcase name="testBooleanArrayHiddenByObject" time="0.000" classname="org.identityconnectors.common.EqualsHashCodeBuilderTests"/>
  <testcase name="testObjectArray" time="0.001" classname="org.identityconnectors.common.EqualsHashCodeBuilderTests"/>
  <testcase name="testUnrelatedClasses" time="0.001" classname="org.identityconnectors.common.EqualsHashCodeBuilderTests"/>
  <testcase name="testLongArrayHiddenByObject" time="0.000" classname="org.identityconnectors.common.EqualsHashCodeBuilderTests"/>
  <testcase name="testShort" time="0.001" classname="org.identityconnectors.common.EqualsHashCodeBuilderTests"/>
  <testcase name="testLongArray" time="0.001" classname="org.identityconnectors.common.EqualsHashCodeBuilderTests"/>
  <testcase name="testByteArray" time="0.001" classname="org.identityconnectors.common.EqualsHashCodeBuilderTests"/>
  <testcase name="testBoolean" time="0.001" classname="org.identityconnectors.common.EqualsHashCodeBuilderTests"/>
  <testcase name="testInt" time="0.000" classname="org.identityconnectors.common.EqualsHashCodeBuilderTests"/>
  <testcase name="testIntArrayHiddenByObject" time="0.000" classname="org.identityconnectors.common.EqualsHashCodeBuilderTests"/>
  <testcase name="testBooleanArray" time="0.000" classname="org.identityconnectors.common.EqualsHashCodeBuilderTests"/>
  <testcase name="testShortArray" time="0.001" classname="org.identityconnectors.common.EqualsHashCodeBuilderTests"/>
  <testcase name="testDoubleArray" time="0.000" classname="org.identityconnectors.common.EqualsHashCodeBuilderTests"/>
  <testcase name="testSet" time="0.000" classname="org.identityconnectors.common.EqualsHashCodeBuilderTests"/>
  <testcase name="testObject" time="0.000" classname="org.identityconnectors.common.EqualsHashCodeBuilderTests"/>
  <testcase name="testFloatArrayHiddenByObject" time="0.000" classname="org.identityconnectors.common.EqualsHashCodeBuilderTests"/>
  <testcase name="testByte" time="0.001" classname="org.identityconnectors.common.EqualsHashCodeBuilderTests"/>
  <testcase name="testBeanComparison" time="0.003" classname="org.identityconnectors.common.EqualsHashCodeBuilderTests"/>
  <testcase name="testFloatArray" time="0.001" classname="org.identityconnectors.common.EqualsHashCodeBuilderTests"/>
  <testcase name="testDouble" time="0.000" classname="org.identityconnectors.common.EqualsHashCodeBuilderTests"/>
  <testcase name="testObjectArrayHiddenByObject" time="0.000" classname="org.identityconnectors.common.EqualsHashCodeBuilderTests"/>
  <testcase name="testFloat" time="0.000" classname="org.identityconnectors.common.EqualsHashCodeBuilderTests"/>
  <testcase name="testChar" time="0.000" classname="org.identityconnectors.common.EqualsHashCodeBuilderTests"/>
  <testcase name="testNonCollectionSupport" time="0.001" classname="org.identityconnectors.common.EqualsHashCodeBuilderTests"/>
  <testcase name="testDoubleArrayHiddenByObject" time="0.001" classname="org.identityconnectors.common.EqualsHashCodeBuilderTests"/>
  <testcase name="testLong" time="0.000" classname="org.identityconnectors.common.EqualsHashCodeBuilderTests"/>
  <testcase name="testCharArrayHiddenByObject" time="0.000" classname="org.identityconnectors.common.EqualsHashCodeBuilderTests"/>
  <testcase name="testIntArray" time="0.000" classname="org.identityconnectors.common.EqualsHashCodeBuilderTests"/>
</testsuite> <!-- org.identityconnectors.common.EqualsHashCodeBuilderTests -->
