<?xml version="1.0" encoding="UTF-8"?>
<!-- Generated by org.testng.reporters.JUnitReportReporter -->
<testsuite hostname="mogano" name="org.identityconnectors.common.security.GuardedStringTests" tests="5" failures="0" timestamp="31 May 2013 12:43:08 GMT" time="0.421" errors="0">
  <testcase name="testUnicode" time="0.416" classname="org.identityconnectors.common.security.GuardedStringTests"/>
  <testcase name="testReadOnly" time="0.000" classname="org.identityconnectors.common.security.GuardedStringTests"/>
  <testcase name="testBasics" time="0.002" classname="org.identityconnectors.common.security.GuardedStringTests"/>
  <testcase name="testEquals" time="0.001" classname="org.identityconnectors.common.security.GuardedStringTests"/>
  <testcase name="testDispose" time="0.002" classname="org.identityconnectors.common.security.GuardedStringTests"/>
</testsuite> <!-- org.identityconnectors.common.security.GuardedStringTests -->
