<?xml version="1.0" encoding="UTF-8"?>
<!-- Generated by org.testng.reporters.JUnitReportReporter -->
<testsuite hostname="mogano" name="org.identityconnectors.common.script.ScriptTests" tests="3" failures="0" timestamp="31 May 2013 12:43:08 GMT" time="0.002" errors="0">
  <testcase name="testBasic" time="0.001" classname="org.identityconnectors.common.script.ScriptTests"/>
  <testcase name="testLanguageNotBlank" time="0.001" classname="org.identityconnectors.common.script.ScriptTests"/>
  <testcase name="testTextNotNull" time="0.000" classname="org.identityconnectors.common.script.ScriptTests"/>
</testsuite> <!-- org.identityconnectors.common.script.ScriptTests -->
