<?xml version="1.0" encoding="UTF-8"?>
<!-- Generated by org.testng.reporters.JUnitReportReporter -->
<testsuite hostname="mogano" name="org.identityconnectors.common.IOUtilsTests" tests="2" failures="0" timestamp="31 May 2013 12:43:08 GMT" time="0.001" errors="0">
  <testcase name="resourcePath" time="0.000" classname="org.identityconnectors.common.IOUtilsTests"/>
  <testcase name="quietClose" time="0.001" classname="org.identityconnectors.common.IOUtilsTests"/>
</testsuite> <!-- org.identityconnectors.common.IOUtilsTests -->
