<?xml version="1.0" encoding="UTF-8"?>
<!-- Generated by org.testng.reporters.JUnitReportReporter -->
<testsuite hostname="mogano" name="org.identityconnectors.common.logging.StdOutLoggerTests" tests="2" failures="0" timestamp="31 May 2013 12:43:08 GMT" time="0.010" errors="0">
  <testcase name="checkIsLogger" time="0.000" classname="org.identityconnectors.common.logging.StdOutLoggerTests"/>
  <testcase name="checkLogFormat" time="0.010" classname="org.identityconnectors.common.logging.StdOutLoggerTests"/>
</testsuite> <!-- org.identityconnectors.common.logging.StdOutLoggerTests -->
