<?xml version="1.0" encoding="UTF-8"?>
<!-- Generated by org.testng.reporters.JUnitReportReporter -->
<testsuite hostname="mogano" name="org.identityconnectors.common.logging.LogTests" tests="9" failures="0" timestamp="31 May 2013 12:43:08 GMT" time="0.019" errors="0">
  <testcase name="checkBasicLoggingWithFormating" time="0.001" classname="org.identityconnectors.common.logging.LogTests"/>
  <testcase name="checkBasicLogging" time="0.007" classname="org.identityconnectors.common.logging.LogTests"/>
  <testcase name="checkFullLogMessage" time="0.008" classname="org.identityconnectors.common.logging.LogTests"/>
  <testcase name="checkSystemProperty" time="0.002" classname="org.identityconnectors.common.logging.LogTests"/>
  <testcase name="checkBasicLoggingWithExceptionAndFormating" time="0.001" classname="org.identityconnectors.common.logging.LogTests"/>
  <testcase name="checkGetLog" time="0.000" classname="org.identityconnectors.common.logging.LogTests"/>
  <testcase name="checkMessageLog" time="0.000" classname="org.identityconnectors.common.logging.LogTests"/>
  <testcase name="checkBasicLoggingOff" time="0.000" classname="org.identityconnectors.common.logging.LogTests"/>
  <testcase name="checkIsLoggableMethods" time="0.000" classname="org.identityconnectors.common.logging.LogTests"/>
</testsuite> <!-- org.identityconnectors.common.logging.LogTests -->
