<?xml version="1.0" encoding="UTF-8"?>
<!-- Generated by org.testng.reporters.JUnitReportReporter -->
<testsuite hostname="mogano" name="org.identityconnectors.framework.common.objects.AttributeBuilderTests" tests="6" failures="0" timestamp="31 May 2013 12:43:08 GMT" time="0.029" errors="0">
  <testcase name="uidFromBuilderDouble" time="0.000" classname="org.identityconnectors.framework.common.objects.AttributeBuilderTests"/>
  <testcase name="uidFromBuilderLong" time="0.001" classname="org.identityconnectors.framework.common.objects.AttributeBuilderTests"/>
  <testcase name="nameFromBuilder" time="0.000" classname="org.identityconnectors.framework.common.objects.AttributeBuilderTests"/>
  <testcase name="buildBoolean" time="0.028" classname="org.identityconnectors.framework.common.objects.AttributeBuilderTests"/>
  <testcase name="nullAttribute" time="0.000" classname="org.identityconnectors.framework.common.objects.AttributeBuilderTests"/>
  <testcase name="uidFromBuilderInteger" time="0.000" classname="org.identityconnectors.framework.common.objects.AttributeBuilderTests"/>
</testsuite> <!-- org.identityconnectors.framework.common.objects.AttributeBuilderTests -->
