<?xml version="1.0" encoding="UTF-8"?>
<!-- Generated by org.testng.reporters.JUnitReportReporter -->
<testsuite hostname="mogano" name="org.identityconnectors.common.script.ScriptExecutorFactoryTests" tests="1" failures="0" timestamp="31 May 2013 12:43:08 GMT" time="0.005" errors="0">
  <testcase name="testRegisteredFactories" time="0.005" classname="org.identityconnectors.common.script.ScriptExecutorFactoryTests"/>
</testsuite> <!-- org.identityconnectors.common.script.ScriptExecutorFactoryTests -->
