<?xml version="1.0" encoding="UTF-8"?>
<!-- Generated by org.testng.reporters.JUnitReportReporter -->
<testsuite hostname="mogano" name="org.identityconnectors.common.logging.slf4j.SLF4JLogTests" tests="1" failures="0" timestamp="31 May 2013 12:44:28 GMT" time="0.102" errors="0">
  <testcase name="testMultithreaded" time="0.102" classname="org.identityconnectors.common.logging.slf4j.SLF4JLogTests"/>
</testsuite> <!-- org.identityconnectors.common.logging.slf4j.SLF4JLogTests -->
